<?xml version="1.0" encoding="UTF-8"?>
<testsuite name="com.googleCalendarMock.core.util.BCryptEncryptorTest" tests="1" skipped="0" failures="0" errors="0" timestamp="2021-12-19T15:53:26" hostname="DESKTOP-24E39V3" time="0.193">
  <properties/>
  <testcase name="test()" classname="com.googleCalendarMock.core.util.BCryptEncryptorTest" time="0.193"/>
  <system-out><![CDATA[]]></system-out>
  <system-err><![CDATA[]]></system-err>
</testsuite>
